build/app/intermediates/manifest_merge_blame_file/debug/manifest-merger-blame-debug-report.txt
1<?xml version="1.0" encoding="utf-8"?>
2<manifest xmlns:android="http://schemas.android.com/apk/res/android"
3    package="com.army120.app"
4    android:versionCode="2"
5    android:versionName="1.0.0" >
6
7    <uses-sdk
8        android:minSdkVersion="19"
9        android:targetSdkVersion="29" />
10    <!--
11         Flutter needs it to communicate with the running application
12         to allow setting breakpoints, to provide hot reload, etc.
13    -->
14    <uses-permission android:name="android.permission.INTERNET" />
14-->src/main/AndroidManifest.xml:8:5-66
14-->src/main/AndroidManifest.xml:8:22-64
15    <uses-permission android:name="android.permission.READ_CONTACTS" />
15-->src/main/AndroidManifest.xml:9:5-72
15-->src/main/AndroidManifest.xml:9:22-69
16    <uses-permission android:name="android.permission.WRITE_CONTACTS" />
16-->src/main/AndroidManifest.xml:10:5-73
16-->src/main/AndroidManifest.xml:10:22-70
17    <uses-permission android:name="android.permission.READ_CALENDAR" />
17-->src/main/AndroidManifest.xml:11:5-72
17-->src/main/AndroidManifest.xml:11:22-69
18    <uses-permission android:name="android.permission.WRITE_CALENDAR" />
18-->src/main/AndroidManifest.xml:12:5-73
18-->src/main/AndroidManifest.xml:12:22-70
19    <uses-permission android:name="android.permission.READ_EXTERNAL_STORAGE" />
19-->[:image_picker] AndroidManifest.xml:7:5-80
19-->[:image_picker] AndroidManifest.xml:7:22-77
20    <uses-permission android:name="android.permission.WRITE_EXTERNAL_STORAGE" /> <!-- Include required permissions for Google Maps API to run. -->
20-->[:image_picker] AndroidManifest.xml:8:5-81
20-->[:image_picker] AndroidManifest.xml:8:22-78
21    <uses-permission android:name="android.permission.ACCESS_NETWORK_STATE" />
21-->[com.google.android.gms:play-services-maps:17.0.0] AndroidManifest.xml:23:5-79
21-->[com.google.android.gms:play-services-maps:17.0.0] AndroidManifest.xml:23:22-76
22
23    <uses-feature
23-->[com.google.android.gms:play-services-maps:17.0.0] AndroidManifest.xml:26:5-28:35
24        android:glEsVersion="0x00020000"
24-->[com.google.android.gms:play-services-maps:17.0.0] AndroidManifest.xml:27:9-41
25        android:required="true" />
25-->[com.google.android.gms:play-services-maps:17.0.0] AndroidManifest.xml:28:9-32
26
27    <uses-permission android:name="android.permission.WAKE_LOCK" /> <!-- Required by older versions of Google Play services to create IID tokens -->
27-->[com.google.firebase:firebase-iid:20.3.0] AndroidManifest.xml:24:5-68
27-->[com.google.firebase:firebase-iid:20.3.0] AndroidManifest.xml:24:22-65
28    <uses-permission android:name="com.google.android.c2dm.permission.RECEIVE" />
28-->[com.google.firebase:firebase-iid:20.3.0] AndroidManifest.xml:26:5-82
28-->[com.google.firebase:firebase-iid:20.3.0] AndroidManifest.xml:26:22-79
29    <uses-permission android:name="com.google.android.finsky.permission.BIND_GET_INSTALL_REFERRER_SERVICE" />
29-->[com.google.android.gms:play-services-measurement:17.6.0] AndroidManifest.xml:26:5-110
29-->[com.google.android.gms:play-services-measurement:17.6.0] AndroidManifest.xml:26:22-107
30
31    <application
31-->src/main/AndroidManifest.xml:13:5-51:19
32        android:name="io.flutter.app.FlutterApplication"
32-->src/main/AndroidManifest.xml:14:9-57
33        android:appComponentFactory="androidx.core.app.CoreComponentFactory"
33-->[androidx.core:core:1.3.2] AndroidManifest.xml:24:18-86
34        android:debuggable="true"
35        android:icon="@mipmap/ic_launcher"
35-->src/main/AndroidManifest.xml:16:9-43
36        android:label="120 Army"
36-->src/main/AndroidManifest.xml:15:9-33
37        android:theme="@style/Theme.AppCompat.Light.NoActionBar" >
37-->[:stripe_payment] AndroidManifest.xml:11:18-74
38        <activity
38-->src/main/AndroidManifest.xml:17:9-45:20
39            android:name="com.army120.app.MainActivity"
39-->src/main/AndroidManifest.xml:18:13-41
40            android:configChanges="orientation|keyboardHidden|keyboard|screenSize|smallestScreenSize|locale|layoutDirection|fontScale|screenLayout|density|uiMode"
40-->src/main/AndroidManifest.xml:21:13-163
41            android:hardwareAccelerated="true"
41-->src/main/AndroidManifest.xml:22:13-47
42            android:launchMode="singleTop"
42-->src/main/AndroidManifest.xml:19:13-43
43            android:theme="@style/LaunchTheme"
43-->src/main/AndroidManifest.xml:20:13-47
44            android:windowSoftInputMode="adjustResize" >
44-->src/main/AndroidManifest.xml:23:13-55
45
46            <!--
47                 Specifies an Android theme to apply to this Activity as soon as
48                 the Android process has started. This theme is visible to the user
49                 while the Flutter UI initializes. After that, this theme continues
50                 to determine the Window background behind the Flutter UI.
51            -->
52            <meta-data
52-->src/main/AndroidManifest.xml:28:13-31:17
53                android:name="io.flutter.embedding.android.NormalTheme"
53-->src/main/AndroidManifest.xml:29:15-70
54                android:resource="@style/NormalTheme" />
54-->src/main/AndroidManifest.xml:30:15-52
55            <!--
56                 Displays an Android View that continues showing the launch screen
57                 Drawable until Flutter paints its first frame, then this splash
58                 screen fades out. A splash screen is useful to avoid any visual
59                 gap between the end of Android's launch screen and the painting of
60                 Flutter's first frame.
61            -->
62            <meta-data
62-->src/main/AndroidManifest.xml:37:13-40:17
63                android:name="io.flutter.embedding.android.SplashScreenDrawable"
63-->src/main/AndroidManifest.xml:38:15-79
64                android:resource="@drawable/launch_background" />
64-->src/main/AndroidManifest.xml:39:15-61
65
66            <intent-filter>
66-->src/main/AndroidManifest.xml:41:13-44:29
67                <action android:name="android.intent.action.MAIN" />
67-->src/main/AndroidManifest.xml:42:17-68
67-->src/main/AndroidManifest.xml:42:25-66
68
69                <category android:name="android.intent.category.LAUNCHER" />
69-->src/main/AndroidManifest.xml:43:17-76
69-->src/main/AndroidManifest.xml:43:27-74
70            </intent-filter>
71        </activity>
72        <!--
73             Don't delete the meta-data below.
74             This is used by the Flutter tool to generate GeneratedPluginRegistrant.java
75        -->
76        <meta-data
76-->src/main/AndroidManifest.xml:48:9-50:33
77            android:name="flutterEmbedding"
77-->src/main/AndroidManifest.xml:49:13-44
78            android:value="2" />
78-->src/main/AndroidManifest.xml:50:13-30
79
80        <provider
80-->[:image_picker] AndroidManifest.xml:11:9-19:20
81            android:name="io.flutter.plugins.imagepicker.ImagePickerFileProvider"
81-->[:image_picker] AndroidManifest.xml:12:13-82
82            android:authorities="com.army120.app.flutter.image_provider"
82-->[:image_picker] AndroidManifest.xml:13:13-74
83            android:exported="false"
83-->[:image_picker] AndroidManifest.xml:14:13-37
84            android:grantUriPermissions="true" >
84-->[:image_picker] AndroidManifest.xml:15:13-47
85            <meta-data
85-->[:image_picker] AndroidManifest.xml:16:13-18:75
86                android:name="android.support.FILE_PROVIDER_PATHS"
86-->[:image_picker] AndroidManifest.xml:17:17-67
87                android:resource="@xml/flutter_image_picker_file_paths" />
87-->[:image_picker] AndroidManifest.xml:18:17-72
88        </provider>
89
90        <service android:name="io.flutter.plugins.firebasemessaging.FlutterFirebaseMessagingService" >
90-->[:firebase_messaging] AndroidManifest.xml:8:9-12:19
90-->[:firebase_messaging] AndroidManifest.xml:8:18-101
91            <intent-filter>
91-->[:firebase_messaging] AndroidManifest.xml:9:13-11:29
92                <action android:name="com.google.firebase.MESSAGING_EVENT" />
92-->[:firebase_messaging] AndroidManifest.xml:10:17-78
92-->[:firebase_messaging] AndroidManifest.xml:10:25-75
93            </intent-filter>
94        </service>
95        <service
95-->[:firebase_messaging] AndroidManifest.xml:13:9-17:19
96            android:name="com.google.firebase.components.ComponentDiscoveryService"
96-->[:firebase_messaging] AndroidManifest.xml:13:18-89
97            android:directBootAware="true"
97-->[com.google.firebase:firebase-common:19.3.0] AndroidManifest.xml:34:13-43
98            android:exported="false" >
98-->[com.google.firebase:firebase-messaging:20.3.0] AndroidManifest.xml:38:13-37
99            <meta-data
99-->[:firebase_messaging] AndroidManifest.xml:14:13-16:85
100                android:name="com.google.firebase.components:io.flutter.plugins.firebasemessaging.FlutterFirebaseAppRegistrar"
100-->[:firebase_messaging] AndroidManifest.xml:15:17-127
101                android:value="com.google.firebase.components.ComponentRegistrar" />
101-->[:firebase_messaging] AndroidManifest.xml:16:17-82
102            <meta-data
102-->[:firebase_core] AndroidManifest.xml:9:13-11:85
103                android:name="com.google.firebase.components:io.flutter.plugins.firebase.core.FlutterFirebaseCoreRegistrar"
103-->[:firebase_core] AndroidManifest.xml:10:17-124
104                android:value="com.google.firebase.components.ComponentRegistrar" />
104-->[:firebase_core] AndroidManifest.xml:11:17-82
105            <meta-data
105-->[com.google.firebase:firebase-messaging:20.3.0] AndroidManifest.xml:39:13-41:85
106                android:name="com.google.firebase.components:com.google.firebase.messaging.FirebaseMessagingRegistrar"
106-->[com.google.firebase:firebase-messaging:20.3.0] AndroidManifest.xml:40:17-119
107                android:value="com.google.firebase.components.ComponentRegistrar" />
107-->[com.google.firebase:firebase-messaging:20.3.0] AndroidManifest.xml:41:17-82
108            <meta-data
108-->[com.google.firebase:firebase-iid:20.3.0] AndroidManifest.xml:32:13-34:85
109                android:name="com.google.firebase.components:com.google.firebase.iid.Registrar"
109-->[com.google.firebase:firebase-iid:20.3.0] AndroidManifest.xml:33:17-96
110                android:value="com.google.firebase.components.ComponentRegistrar" />
110-->[com.google.firebase:firebase-iid:20.3.0] AndroidManifest.xml:34:17-82
111            <meta-data
111-->[com.google.firebase:firebase-datatransport:17.0.3] AndroidManifest.xml:28:13-30:85
112                android:name="com.google.firebase.components:com.google.firebase.datatransport.TransportRegistrar"
112-->[com.google.firebase:firebase-datatransport:17.0.3] AndroidManifest.xml:29:17-115
113                android:value="com.google.firebase.components.ComponentRegistrar" />
113-->[com.google.firebase:firebase-datatransport:17.0.3] AndroidManifest.xml:30:17-82
114            <meta-data
114-->[com.google.android.gms:play-services-measurement-api:17.6.0] AndroidManifest.xml:30:13-32:85
115                android:name="com.google.firebase.components:com.google.firebase.analytics.connector.internal.AnalyticsConnectorRegistrar"
115-->[com.google.android.gms:play-services-measurement-api:17.6.0] AndroidManifest.xml:31:17-139
116                android:value="com.google.firebase.components.ComponentRegistrar" />
116-->[com.google.android.gms:play-services-measurement-api:17.6.0] AndroidManifest.xml:32:17-82
117            <meta-data
117-->[com.google.firebase:firebase-installations:16.3.3] AndroidManifest.xml:17:13-19:85
118                android:name="com.google.firebase.components:com.google.firebase.installations.FirebaseInstallationsRegistrar"
118-->[com.google.firebase:firebase-installations:16.3.3] AndroidManifest.xml:18:17-127
119                android:value="com.google.firebase.components.ComponentRegistrar" />
119-->[com.google.firebase:firebase-installations:16.3.3] AndroidManifest.xml:19:17-82
120        </service>
121
122        <meta-data
122-->[:stripe_payment] AndroidManifest.xml:12:9-14:36
123            android:name="com.google.android.gms.wallet.api.enabled"
123-->[:stripe_payment] AndroidManifest.xml:13:13-69
124            android:value="true" />
124-->[:stripe_payment] AndroidManifest.xml:14:13-33
125
126        <activity
126-->[:stripe_payment] AndroidManifest.xml:16:9-20:75
127            android:name="com.gettipsi.stripe.OpenBrowserActivity"
127-->[:stripe_payment] AndroidManifest.xml:17:13-67
128            android:exported="false"
128-->[:stripe_payment] AndroidManifest.xml:18:13-37
129            android:launchMode="singleTask"
129-->[:stripe_payment] AndroidManifest.xml:19:13-44
130            android:theme="@android:style/Theme.Translucent.NoTitleBar" />
130-->[:stripe_payment] AndroidManifest.xml:20:13-72
131        <activity
131-->[:stripe_payment] AndroidManifest.xml:21:9-34:20
132            android:name="com.gettipsi.stripe.RedirectUriReceiver"
132-->[:stripe_payment] AndroidManifest.xml:22:13-67
133            android:exported="true"
133-->[:stripe_payment] AndroidManifest.xml:23:13-36
134            android:launchMode="singleTask"
134-->[:stripe_payment] AndroidManifest.xml:24:13-44
135            android:theme="@android:style/Theme.Translucent.NoTitleBar.Fullscreen" >
135-->[:stripe_payment] AndroidManifest.xml:25:13-83
136            <intent-filter>
136-->[:stripe_payment] AndroidManifest.xml:26:13-33:29
137                <action android:name="android.intent.action.VIEW" />
137-->[:stripe_payment] AndroidManifest.xml:27:17-69
137-->[:stripe_payment] AndroidManifest.xml:27:25-66
138
139                <category android:name="android.intent.category.DEFAULT" />
139-->[:stripe_payment] AndroidManifest.xml:29:17-76
139-->[:stripe_payment] AndroidManifest.xml:29:27-73
140                <category android:name="android.intent.category.BROWSABLE" />
140-->[:stripe_payment] AndroidManifest.xml:30:17-78
140-->[:stripe_payment] AndroidManifest.xml:30:27-75
141
142                <data android:scheme="example" />
142-->[:stripe_payment] AndroidManifest.xml:32:17-50
142-->[:stripe_payment] AndroidManifest.xml:32:23-47
143            </intent-filter>
144        </activity>
145        <activity
145-->[com.stripe:stripe-android:10.4.6] AndroidManifest.xml:12:9-14:57
146            android:name="com.stripe.android.view.AddPaymentMethodActivity"
146-->[com.stripe:stripe-android:10.4.6] AndroidManifest.xml:13:13-76
147            android:theme="@style/StripeDefaultTheme" />
147-->[com.stripe:stripe-android:10.4.6] AndroidManifest.xml:14:13-54
148        <activity
148-->[com.stripe:stripe-android:10.4.6] AndroidManifest.xml:15:9-17:57
149            android:name="com.stripe.android.view.PaymentMethodsActivity"
149-->[com.stripe:stripe-android:10.4.6] AndroidManifest.xml:16:13-74
150            android:theme="@style/StripeDefaultTheme" />
150-->[com.stripe:stripe-android:10.4.6] AndroidManifest.xml:17:13-54
151        <activity
151-->[com.stripe:stripe-android:10.4.6] AndroidManifest.xml:18:9-20:57
152            android:name="com.stripe.android.view.PaymentFlowActivity"
152-->[com.stripe:stripe-android:10.4.6] AndroidManifest.xml:19:13-71
153            android:theme="@style/StripeDefaultTheme" />
153-->[com.stripe:stripe-android:10.4.6] AndroidManifest.xml:20:13-54
154        <activity
154-->[com.stripe:stripe-android:10.4.6] AndroidManifest.xml:21:9-23:57
155            android:name="com.stripe.android.view.PaymentAuthWebViewActivity"
155-->[com.stripe:stripe-android:10.4.6] AndroidManifest.xml:22:13-78
156            android:theme="@style/StripeDefaultTheme" />
156-->[com.stripe:stripe-android:10.4.6] AndroidManifest.xml:23:13-54
157        <activity
157-->[com.stripe:stripe-android:10.4.6] AndroidManifest.xml:24:9-26:57
158            android:name="com.stripe.android.view.PaymentRelayActivity"
158-->[com.stripe:stripe-android:10.4.6] AndroidManifest.xml:25:13-72
159            android:theme="@style/StripeDefaultTheme" />
159-->[com.stripe:stripe-android:10.4.6] AndroidManifest.xml:26:13-54
160        <activity
160-->[com.stripe:stripe-3ds2-android:1.2.2] AndroidManifest.xml:12:9-14:54
161            android:name="com.stripe.android.stripe3ds2.views.ChallengeActivity"
161-->[com.stripe:stripe-3ds2-android:1.2.2] AndroidManifest.xml:13:13-81
162            android:theme="@style/Stripe3DS2Theme" />
162-->[com.stripe:stripe-3ds2-android:1.2.2] AndroidManifest.xml:14:13-51
163        <activity
163-->[com.stripe:stripe-3ds2-android:1.2.2] AndroidManifest.xml:15:9-17:54
164            android:name="com.stripe.android.stripe3ds2.views.ChallengeProgressDialogActivity"
164-->[com.stripe:stripe-3ds2-android:1.2.2] AndroidManifest.xml:16:13-95
165            android:theme="@style/Stripe3DS2Theme" /> <!-- Needs to be explicitly declared on P+ -->
165-->[com.stripe:stripe-3ds2-android:1.2.2] AndroidManifest.xml:17:13-51
166        <uses-library
166-->[com.google.android.gms:play-services-maps:17.0.0] AndroidManifest.xml:33:9-35:40
167            android:name="org.apache.http.legacy"
167-->[com.google.android.gms:play-services-maps:17.0.0] AndroidManifest.xml:34:13-50
168            android:required="false" />
168-->[com.google.android.gms:play-services-maps:17.0.0] AndroidManifest.xml:35:13-37
169        <!--
170             FirebaseMessagingService performs security checks at runtime,
171             but set to not exported to explicitly avoid allowing another app to call it.
172        -->
173        <service
173-->[com.google.firebase:firebase-messaging:20.3.0] AndroidManifest.xml:28:9-35:19
174            android:name="com.google.firebase.messaging.FirebaseMessagingService"
174-->[com.google.firebase:firebase-messaging:20.3.0] AndroidManifest.xml:29:13-82
175            android:directBootAware="true"
175-->[com.google.firebase:firebase-messaging:20.3.0] AndroidManifest.xml:30:13-43
176            android:exported="false" >
176-->[com.google.firebase:firebase-messaging:20.3.0] AndroidManifest.xml:31:13-37
177            <intent-filter android:priority="-500" >
177-->[:firebase_messaging] AndroidManifest.xml:9:13-11:29
178                <action android:name="com.google.firebase.MESSAGING_EVENT" />
178-->[:firebase_messaging] AndroidManifest.xml:10:17-78
178-->[:firebase_messaging] AndroidManifest.xml:10:25-75
179            </intent-filter>
180        </service>
181
182        <receiver
182-->[com.google.firebase:firebase-iid:20.3.0] AndroidManifest.xml:37:9-44:20
183            android:name="com.google.firebase.iid.FirebaseInstanceIdReceiver"
183-->[com.google.firebase:firebase-iid:20.3.0] AndroidManifest.xml:38:13-78
184            android:exported="true"
184-->[com.google.firebase:firebase-iid:20.3.0] AndroidManifest.xml:39:13-36
185            android:permission="com.google.android.c2dm.permission.SEND" >
185-->[com.google.firebase:firebase-iid:20.3.0] AndroidManifest.xml:40:13-73
186            <intent-filter>
186-->[com.google.firebase:firebase-iid:20.3.0] AndroidManifest.xml:41:13-43:29
187                <action android:name="com.google.android.c2dm.intent.RECEIVE" />
187-->[com.google.firebase:firebase-iid:20.3.0] AndroidManifest.xml:42:17-81
187-->[com.google.firebase:firebase-iid:20.3.0] AndroidManifest.xml:42:25-78
188            </intent-filter>
189        </receiver>
190
191        <activity
191-->[com.google.android.gms:play-services-base:17.0.0] AndroidManifest.xml:23:9-26:75
192            android:name="com.google.android.gms.common.api.GoogleApiActivity"
192-->[com.google.android.gms:play-services-base:17.0.0] AndroidManifest.xml:24:13-79
193            android:exported="false"
193-->[com.google.android.gms:play-services-base:17.0.0] AndroidManifest.xml:25:13-37
194            android:theme="@android:style/Theme.Translucent.NoTitleBar" />
194-->[com.google.android.gms:play-services-base:17.0.0] AndroidManifest.xml:26:13-72
195
196        <provider
196-->[com.google.firebase:firebase-common:19.3.0] AndroidManifest.xml:26:9-30:39
197            android:name="com.google.firebase.provider.FirebaseInitProvider"
197-->[com.google.firebase:firebase-common:19.3.0] AndroidManifest.xml:27:13-77
198            android:authorities="com.army120.app.firebaseinitprovider"
198-->[com.google.firebase:firebase-common:19.3.0] AndroidManifest.xml:28:13-72
199            android:exported="false"
199-->[com.google.firebase:firebase-common:19.3.0] AndroidManifest.xml:29:13-37
200            android:initOrder="100" />
200-->[com.google.firebase:firebase-common:19.3.0] AndroidManifest.xml:30:13-36
201
202        <receiver
202-->[com.google.android.gms:play-services-measurement:17.6.0] AndroidManifest.xml:29:9-33:20
203            android:name="com.google.android.gms.measurement.AppMeasurementReceiver"
203-->[com.google.android.gms:play-services-measurement:17.6.0] AndroidManifest.xml:30:13-85
204            android:enabled="true"
204-->[com.google.android.gms:play-services-measurement:17.6.0] AndroidManifest.xml:31:13-35
205            android:exported="false" >
205-->[com.google.android.gms:play-services-measurement:17.6.0] AndroidManifest.xml:32:13-37
206        </receiver>
207
208        <service
208-->[com.google.android.gms:play-services-measurement:17.6.0] AndroidManifest.xml:35:9-38:40
209            android:name="com.google.android.gms.measurement.AppMeasurementService"
209-->[com.google.android.gms:play-services-measurement:17.6.0] AndroidManifest.xml:36:13-84
210            android:enabled="true"
210-->[com.google.android.gms:play-services-measurement:17.6.0] AndroidManifest.xml:37:13-35
211            android:exported="false" />
211-->[com.google.android.gms:play-services-measurement:17.6.0] AndroidManifest.xml:38:13-37
212        <service
212-->[com.google.android.gms:play-services-measurement:17.6.0] AndroidManifest.xml:39:9-43:72
213            android:name="com.google.android.gms.measurement.AppMeasurementJobService"
213-->[com.google.android.gms:play-services-measurement:17.6.0] AndroidManifest.xml:40:13-87
214            android:enabled="true"
214-->[com.google.android.gms:play-services-measurement:17.6.0] AndroidManifest.xml:41:13-35
215            android:exported="false"
215-->[com.google.android.gms:play-services-measurement:17.6.0] AndroidManifest.xml:42:13-37
216            android:permission="android.permission.BIND_JOB_SERVICE" />
216-->[com.google.android.gms:play-services-measurement:17.6.0] AndroidManifest.xml:43:13-69
217
218        <meta-data
218-->[com.google.android.gms:play-services-basement:17.0.0] AndroidManifest.xml:23:9-25:69
219            android:name="com.google.android.gms.version"
219-->[com.google.android.gms:play-services-basement:17.0.0] AndroidManifest.xml:24:13-58
220            android:value="@integer/google_play_services_version" />
220-->[com.google.android.gms:play-services-basement:17.0.0] AndroidManifest.xml:25:13-66
221
222        <service
222-->[com.google.android.datatransport:transport-backend-cct:2.2.0] AndroidManifest.xml:29:9-35:19
223            android:name="com.google.android.datatransport.runtime.backends.TransportBackendDiscovery"
223-->[com.google.android.datatransport:transport-backend-cct:2.2.0] AndroidManifest.xml:30:13-103
224            android:exported="false" >
224-->[com.google.android.datatransport:transport-backend-cct:2.2.0] AndroidManifest.xml:31:13-37
225            <meta-data
225-->[com.google.android.datatransport:transport-backend-cct:2.2.0] AndroidManifest.xml:32:13-34:39
226                android:name="backend:com.google.android.datatransport.cct.CctBackendFactory"
226-->[com.google.android.datatransport:transport-backend-cct:2.2.0] AndroidManifest.xml:33:17-94
227                android:value="cct" />
227-->[com.google.android.datatransport:transport-backend-cct:2.2.0] AndroidManifest.xml:34:17-36
228        </service>
229        <service
229-->[com.google.android.datatransport:transport-runtime:2.2.0] AndroidManifest.xml:26:9-30:19
230            android:name="com.google.android.datatransport.runtime.scheduling.jobscheduling.JobInfoSchedulerService"
230-->[com.google.android.datatransport:transport-runtime:2.2.0] AndroidManifest.xml:27:13-117
231            android:exported="false"
231-->[com.google.android.datatransport:transport-runtime:2.2.0] AndroidManifest.xml:28:13-37
232            android:permission="android.permission.BIND_JOB_SERVICE" >
232-->[com.google.android.datatransport:transport-runtime:2.2.0] AndroidManifest.xml:29:13-69
233        </service>
234
235        <receiver
235-->[com.google.android.datatransport:transport-runtime:2.2.0] AndroidManifest.xml:32:9-34:40
236            android:name="com.google.android.datatransport.runtime.scheduling.jobscheduling.AlarmManagerSchedulerBroadcastReceiver"
236-->[com.google.android.datatransport:transport-runtime:2.2.0] AndroidManifest.xml:33:13-132
237            android:exported="false" />
237-->[com.google.android.datatransport:transport-runtime:2.2.0] AndroidManifest.xml:34:13-37
238    </application>
239
240</manifest>